ModuleComic/build/intermediates/manifest_merge_blame_file/debug/manifest-merger-blame-debug-report.txt
1<?xml version="1.0" encoding="utf-8"?>
2<manifest xmlns:android="http://schemas.android.com/apk/res/android"
3    package="pub.gll.onepeas.module.comic" >
4
5    <uses-sdk
6        android:minSdkVersion="24"
6-->src/main/AndroidManifest.xml
7        android:targetSdkVersion="33" />
7-->src/main/AndroidManifest.xml
8
9    <application>
9-->src/main/AndroidManifest.xml:4:5-16:19
10        <activity
10-->src/main/AndroidManifest.xml:5:9-15:20
11            android:name="pub.gll.onepeas.module.comic.comic.ComicMainAct"
11-->src/main/AndroidManifest.xml:6:13-47
12            android:exported="true"
12-->src/main/AndroidManifest.xml:7:13-36
13            android:label="@string/app_name"
13-->src/main/AndroidManifest.xml:8:13-45
14            android:theme="@style/Theme.OnePeasToDo" >
14-->src/main/AndroidManifest.xml:9:13-53
15
16            <!-- <intent-filter> -->
17            <!-- <action android:name="android.intent.action.MAIN" /> -->
18
19
20            <!-- <category android:name="android.intent.category.LAUNCHER" /> -->
21            <!-- </intent-filter> -->
22        </activity>
23    </application>
24
25</manifest>